#
# There is insufficient memory for the Java Runtime Environment to continue.
# Native memory allocation (malloc) failed to allocate 572656 bytes for Chunk::new
# Possible reasons:
#   The system is out of physical RAM or swap space
#   In 32 bit mode, the process size limit was hit
# Possible solutions:
#   Reduce memory load on the system
#   Increase physical memory or swap space
#   Check if swap backing store is full
#   Use 64 bit Java on a 64 bit OS
#   Decrease Java heap size (-Xmx/-Xms)
#   Decrease number of Java threads
#   Decrease Java thread stack sizes (-Xss)
#   Set larger code cache with -XX:ReservedCodeCacheSize=
# This output file may be truncated or incomplete.
#
#  Out of Memory Error (allocation.cpp:390), pid=1124, tid=8088
#
# JRE version: Java(TM) SE Runtime Environment (8.0_91-b15) (build 1.8.0_91-b15)
# Java VM: Java HotSpot(TM) 64-Bit Server VM (25.91-b15 mixed mode windows-amd64 compressed oops)
# Failed to write core dump. Minidumps are not enabled by default on client versions of Windows
#

---------------  T H R E A D  ---------------

Current thread (0x000000005620c000):  JavaThread "C2 CompilerThread2" daemon [_thread_in_native, id=8088, stack(0x0000000057cf0000,0x0000000057df0000)]

Stack: [0x0000000057cf0000,0x0000000057df0000]
[error occurred during error reporting (printing stack bounds), id 0xc0000005]

Native frames: (J=compiled Java code, j=interpreted, Vv=VM code, C=native code)


Current CompileTask:
C2:    522  491       4       com.android.dx.ssa.NormalSsaInsn::accept (25 bytes)


---------------  P R O C E S S  ---------------

Java Threads: ( => current thread )
  0x00000000564d6000 JavaThread "pool-2-thread-4" [_thread_in_Java, id=7636, stack(0x0000000058180000,0x0000000058280000)]
  0x00000000563b2000 JavaThread "pool-2-thread-3" [_thread_blocked, id=7300, stack(0x0000000058650000,0x0000000058750000)]
  0x00000000563aa000 JavaThread "pool-2-thread-2" [_thread_in_Java, id=7260, stack(0x00000000584b0000,0x00000000585b0000)]
  0x00000000563a9000 JavaThread "pool-3-thread-1" [_thread_blocked, id=6752, stack(0x0000000058280000,0x0000000058380000)]
  0x000000005629a800 JavaThread "Service Thread" daemon [_thread_blocked, id=7564, stack(0x0000000057f10000,0x0000000058010000)]
  0x000000005620d000 JavaThread "C1 CompilerThread3" daemon [_thread_in_vm, id=8288, stack(0x0000000057aa0000,0x0000000057ba0000)]
=>0x000000005620c000 JavaThread "C2 CompilerThread2" daemon [_thread_in_native, id=8088, stack(0x0000000057cf0000,0x0000000057df0000)]
  0x00000000561ff800 JavaThread "C2 CompilerThread1" daemon [_thread_blocked, id=6000, stack(0x0000000057bd0000,0x0000000057cd0000)]
  0x00000000561f8000 JavaThread "C2 CompilerThread0" daemon [_thread_in_native, id=3076, stack(0x0000000057640000,0x0000000057740000)]
  0x00000000561e9000 JavaThread "Attach Listener" daemon [_thread_blocked, id=6904, stack(0x0000000057980000,0x0000000057a80000)]
  0x00000000561f7000 JavaThread "Signal Dispatcher" daemon [_thread_blocked, id=6908, stack(0x00000000577d0000,0x00000000578d0000)]
  0x000000005523d800 JavaThread "Finalizer" daemon [_thread_blocked, id=6300, stack(0x0000000057540000,0x0000000057640000)]
  0x0000000055236800 JavaThread "Reference Handler" daemon [_thread_blocked, id=6244, stack(0x0000000057420000,0x0000000057520000)]
  0x000000000212e000 JavaThread "main" [_thread_blocked, id=7740, stack(0x0000000002330000,0x0000000002430000)]

Other Threads:
  0x0000000056192000 VMThread [stack: 0x0000000057230000,0x0000000057330000] [id=3580]
  0x00000000562a0800 WatcherThread [stack: 0x0000000058040000,0x0000000058140000] [id=6888]

VM state:not at safepoint (normal execution)

VM Mutex/Monitor currently owned by a thread: None

Heap:
 PSYoungGen      total 76288K, used 15729K [0x00000000eab00000, 0x00000000f0000000, 0x0000000100000000)
  eden space 65536K, 24% used [0x00000000eab00000,0x00000000eba5c510,0x00000000eeb00000)
  from space 10752K, 0% used [0x00000000ef580000,0x00000000ef580000,0x00000000f0000000)
  to   space 10752K, 0% used [0x00000000eeb00000,0x00000000eeb00000,0x00000000ef580000)
 ParOldGen       total 175104K, used 0K [0x00000000c0000000, 0x00000000cab00000, 0x00000000eab00000)
  object space 175104K, 0% used [0x00000000c0000000,0x00000000c0000000,0x00000000cab00000)
 Metaspace       used 5624K, capacity 6580K, committed 6784K, reserved 1056768K
  class space    used 601K, capacity 620K, committed 640K, reserved 1048576K

Card table byte_map: [0x00000000117f0000,0x0000000011a00000] byte_map_base: 0x00000000111f0000

Marking Bits: (ParMarkBitMap*) 0x0000000059632f70
 Begin Bits: [0x0000000012650000, 0x0000000013650000)
 End Bits:   [0x0000000013650000, 0x0000000014650000)

Polling page: 0x00000000001b0000

CodeCache: size=245760Kb used=2193Kb max_used=2200Kb free=243566Kb
 bounds [0x0000000002430000, 0x00000000026a0000, 0x0000000011430000]
 total_blobs=787 nmethods=516 adapters=184
 compilation: enabled

Compilation events (10 events):
Event: 0.516 Thread 0x00000000561f8000 nmethod 510 0x00000000026512d0 code [0x0000000002651460, 0x0000000002651e78]
Event: 0.516 Thread 0x00000000561ff800  511       4       java.util.HashSet::contains (9 bytes)
Event: 0.516 Thread 0x000000005620d000  512       3       com.android.dx.ssa.DeadCodeRemover$NoSideEffectVisitor::visitNonMoveInsn (28 bytes)
Event: 0.517 Thread 0x000000005620d000 nmethod 512 0x0000000002650ad0 code [0x0000000002650c60, 0x00000000026510f8]
Event: 0.517 Thread 0x000000005620d000  518       3       com.android.dx.ssa.SsaMethod::deleteInsns (239 bytes)
Event: 0.517 Thread 0x00000000561ff800 nmethod 511 0x0000000002652bd0 code [0x0000000002652d20, 0x0000000002652dc8]
Event: 0.518 Thread 0x00000000561f8000  529       4       com.android.dx.ssa.SsaBasicBlock::forEachInsn (37 bytes)
Event: 0.519 Thread 0x00000000561ff800  535       4       java.util.BitSet::nextSetBit (102 bytes)
Event: 0.521 Thread 0x00000000561ff800 nmethod 535 0x0000000002652ed0 code [0x0000000002653020, 0x0000000002653138]
Event: 0.521 Thread 0x00000000561ff800  544       4       com.android.dx.rop.code.RegisterSpecList::get (9 bytes)

GC Heap History (0 events):
No events

Deoptimization events (2 events):
Event: 0.483 Thread 0x00000000563a6800 Uncommon trap: reason=unstable_if action=reinterpret pc=0x000000000260fbe0 method=java.util.BitSet.nextSetBit(I)I @ 87
Event: 0.489 Thread 0x00000000563a6800 Uncommon trap: reason=unstable_if action=reinterpret pc=0x0000000002612ef8 method=java.util.HashMap.getNode(ILjava/lang/Object;)Ljava/util/HashMap$Node; @ 129

Internal exceptions (2 events):
Event: 0.048 Thread 0x000000000212e000 Exception <a 'java/lang/NoSuchMethodError': Method sun.misc.Unsafe.defineClass(Ljava/lang/String;[BII)Ljava/lang/Class; name or signature does not match> (0x00000000eab07cc0) thrown at [C:\re\workspace\8-2-build-windows-amd64-cygwin\jdk8u91\7017\hotspot\srbÉËÿpg¨?
Event: 0.048 Thread 0x000000000212e000 Exception <a 'java/lang/NoSuchMethodError': Method sun.misc.Unsafe.prefetchRead(Ljava/lang/Object;J)V name or signature does not match> (0x00000000eab07fa8) thrown at [C:\re\workspace\8-2-build-windows-amd64-cygwin\jdk8u91\7017\hotspot\src\share\vm\prims\j

Events (10 events):
Event: 0.489 Thread 0x00000000563a6800 DEOPT UNPACKING pc=0x000000000247582a sp=0x0000000057efe3d8 mode 2
Event: 0.496 loading class java/util/DualPivotQuicksort
Event: 0.496 loading class java/util/DualPivotQuicksort done
Event: 0.498 Thread 0x00000000563a6800 Thread exited: 0x00000000563a6800
Event: 0.501 loading class java/util/ArrayList$1
Event: 0.501 loading class java/util/ArrayList$1 done
Event: 0.520 loading class java/util/TreeMap$EntrySet
Event: 0.520 loading class java/util/TreeMap$EntrySet done
Event: 0.521 loading class java/util/TreeMap$EntryIterator
Event: 0.521 loading class java/util/TreeMap$EntryIterator done


Dynamic libraries:
0x000000013f6a0000 - 0x000000013f6d7000 	C:\Java\jdk\bin\java.exe
0x00000000773b0000 - 0x0000000077559000 	C:\windows\SYSTEM32\ntdll.dll
0x0000000077050000 - 0x000000007716f000 	C:\windows\system32\kernel32.dll
0x000007fefd070000 - 0x000007fefd0dc000 	C:\windows\system32\KERNELBASE.dll
0x000007fefd650000 - 0x000007fefd72b000 	C:\windows\system32\ADVAPI32.dll
0x000007fefd530000 - 0x000007fefd5cf000 	C:\windows\system32\msvcrt.dll
0x000007fefd7d0000 - 0x000007fefd7ef000 	C:\windows\SYSTEM32\sechost.dll
0x000007fefe200000 - 0x000007fefe32d000 	C:\windows\system32\RPCRT4.dll
0x00000000772b0000 - 0x00000000773aa000 	C:\windows\system32\USER32.dll
0x000007fefe3b0000 - 0x000007fefe417000 	C:\windows\system32\GDI32.dll
0x000007fefd440000 - 0x000007fefd44e000 	C:\windows\system32\LPK.dll
0x000007fefd9f0000 - 0x000007fefdab9000 	C:\windows\system32\USP10.dll
0x000007fefa730000 - 0x000007fefa924000 	C:\windows\WinSxS\amd64_microsoft.windows.common-controls_6595b64144ccf1df_6.0.7601.17514_none_fa396087175ac9ac\COMCTL32.dll
0x000007fefe330000 - 0x000007fefe3a1000 	C:\windows\system32\SHLWAPI.dll
0x000007fefdac0000 - 0x000007fefdaee000 	C:\windows\system32\IMM32.DLL
0x000007fefde90000 - 0x000007fefdf99000 	C:\windows\system32\MSCTF.dll
0x000007fefcef0000 - 0x000007fefcf21000 	C:\Windows\system32\nvinitx.dll
0x000007fefcee0000 - 0x000007fefceec000 	C:\windows\system32\VERSION.dll
0x0000000074650000 - 0x0000000074656000 	C:\Program Files\NVIDIA Corporation\CoProcManager\detoured.dll
0x000007fef94d0000 - 0x000007fef9501000 	C:\Program Files\NVIDIA Corporation\CoProcManager\nvd3d9wrapx.dll
0x000007fefe420000 - 0x000007fefe5f7000 	C:\windows\system32\SETUPAPI.dll
0x000007fefcfe0000 - 0x000007fefd016000 	C:\windows\system32\CFGMGR32.dll
0x000007fefd450000 - 0x000007fefd527000 	C:\windows\system32\OLEAUT32.dll
0x000007fefdfa0000 - 0x000007fefe1a3000 	C:\windows\system32\ole32.dll
0x000007fefd020000 - 0x000007fefd03a000 	C:\windows\system32\DEVOBJ.dll
0x000007fef9520000 - 0x000007fef9542000 	C:\Program Files\NVIDIA Corporation\CoProcManager\nvdxgiwrapx.dll
0x00000000622e0000 - 0x00000000623b2000 	C:\Java\jdk\jre\bin\msvcr100.dll
0x0000000058e20000 - 0x00000000596b3000 	C:\Java\jdk\jre\bin\server\jvm.dll
0x000007fef6d10000 - 0x000007fef6d19000 	C:\windows\system32\WSOCK32.dll
0x000007fefe1b0000 - 0x000007fefe1fd000 	C:\windows\system32\WS2_32.dll
0x000007feff6b0000 - 0x000007feff6b8000 	C:\windows\system32\NSI.dll
0x000007fefd2a0000 - 0x000007fefd2db000 	C:\windows\system32\WINMM.dll
0x0000000077580000 - 0x0000000077587000 	C:\windows\system32\PSAPI.DLL
0x0000000074990000 - 0x000000007499f000 	C:\Java\jdk\jre\bin\verify.dll
0x0000000074960000 - 0x0000000074989000 	C:\Java\jdk\jre\bin\java.dll
0x0000000074940000 - 0x0000000074956000 	C:\Java\jdk\jre\bin\zip.dll
0x000007fefe890000 - 0x000007feff618000 	C:\windows\system32\SHELL32.dll
0x000007fefcfd0000 - 0x000007fefcfdf000 	C:\windows\system32\profapi.dll

VM Arguments:
jvm_args: -Djava.awt.headless=true -Xmx1024M -Dfile.encoding=GBK -Duser.country=CN -Duser.language=zh -Duser.variant 
java_command: com.android.dx.command.Main --dex --force-jumbo --num-threads=4 --multi-dex --output D:\scantrust\code\TimeAlarm2\app\build\intermediates\transforms\dex\debug\folders\1000\10\internal_impl-24.2.0_ed05c621f2f7cd1df97dc17da768eb724ecfe8de D:\scantrust\code\TimeAlarm2\app\build\intermediates\exploded-aar\com.android.support\support-fragment\24.2.0\jars\libs\internal_impl-24.2.0.jar
java_class_path (initial): C:\Android_SDK\build-tools\23.0.3\lib\dx.jar
Launcher Type: SUN_STANDARD

Environment Variables:
JAVA_HOME=C:\Java\jdk
CLASSPATH=.;C:\Java\jdk\lib\dt.jar;C:\Java\jdk\lib\tools.jar;E:\x\IntelliJIDEAKeyGen.jar
PATH=C:\ProgramData\Oracle\Java\javapath;C:\Python34\;C:\Python34\Scripts;D:\tools\Python34\;D:\tools\Scripts;C:\Android_SDK\platform-tools;D:\ToolsAndroid\gradle/bin;"C:\Program Files (x86)\Git\bin";C:\Android_SDK\platform-tools;C:\Android_SDK\tools;C:\Java\jdk\bin\;%C:\Program Files (x86)\NVIDIA Corporation\PhysX\Common;C:\windows\system32;C:\windows;C:\windows\System32\Wbem;C:\windows\System32\WindowsPowerShell\v1.0\;C:\Program Files (x86)\Rational\common;D:\Tools\bin;D:\Tools\bin;C:\Program Files\TortoiseGit\bin;D:\ToolsAndroid\gradle/bin;C:\PHP\env\mysql5\bin;D:\tools\mybat;C:\Program Files\MySQL\MySQL Server 5.1\bin;C:\Program Files (x86)\Skype\Phone\;C:\Program Files\nodejs\;C:\Program Files (x86)\SSH Communications Security\SSH Secure Shell;D:\ToolsAndroid\gradle\gradle-2.14\bin;C:\Users\tom\AppData\Roaming\npm
USERNAME=tom
OS=Windows_NT
PROCESSOR_IDENTIFIER=Intel64 Family 6 Model 60 Stepping 3, GenuineIntel



---------------  S Y S T E M  ---------------

OS: Windows 7 , 64 bit Build 7601 (6.1.7601.17932)

CPU:total 8 (4 cores per cpu, 2 threads per core) family 6 model 60 stepping 3, cmov, cx8, fxsr, mmx, sse, sse2, sse3, ssse3, sse4.1, sse4.2, popcnt, avx, avx2, aes, clmul, erms, lzcnt, ht, tsc, tscinvbit, bmi1, bmi2

Memory: 4k page, physical 16695372k(2003960k free), swap 16693520k(7896k free)

vm_info: Java HotSpot(TM) 64-Bit Server VM (25.91-b15) for windows-amd64 JRE (1.8.0_91-b15), built on May 20 2016 17:43:15 by "java_re" with MS VC++ 10.0 (VS2010)

time: Wed Oct 05 20:27:08 2016
elapsed time: 0 seconds (0d 0h 0m 0s)

