#
# There is insufficient memory for the Java Runtime Environment to continue.
# Native memory allocation (malloc) failed to allocate 1647696 bytes for Chunk::new
# Possible reasons:
#   The system is out of physical RAM or swap space
#   In 32 bit mode, the process size limit was hit
# Possible solutions:
#   Reduce memory load on the system
#   Increase physical memory or swap space
#   Check if swap backing store is full
#   Use 64 bit Java on a 64 bit OS
#   Decrease Java heap size (-Xmx/-Xms)
#   Decrease number of Java threads
#   Decrease Java thread stack sizes (-Xss)
#   Set larger code cache with -XX:ReservedCodeCacheSize=
# This output file may be truncated or incomplete.
#
#  Out of Memory Error (allocation.cpp:390), pid=7344, tid=8336
#
# JRE version: Java(TM) SE Runtime Environment (8.0_91-b15) (build 1.8.0_91-b15)
# Java VM: Java HotSpot(TM) 64-Bit Server VM (25.91-b15 mixed mode windows-amd64 compressed oops)
# Failed to write core dump. Minidumps are not enabled by default on client versions of Windows
#

---------------  T H R E A D  ---------------

Current thread (0x0000000056257000):  JavaThread "C2 CompilerThread1" daemon [_thread_in_native, id=8336, stack(0x0000000057560000,0x0000000057660000)]

Stack: [0x0000000057560000,0x0000000057660000]
[error occurred during error reporting (printing stack bounds), id 0xc0000005]

Native frames: (J=compiled Java code, j=interpreted, Vv=VM code, C=native code)


Current CompileTask:
C2:   1422 1305   !   4       com.android.dx.cf.code.BytecodeArray::parseInstruction (2764 bytes)


---------------  P R O C E S S  ---------------

Java Threads: ( => current thread )
  0x0000000056565000 JavaThread "pool-2-thread-4" [_thread_in_Java, id=7120, stack(0x00000000597f0000,0x00000000598f0000)]
  0x0000000056564000 JavaThread "pool-2-thread-3" [_thread_in_Java, id=6920, stack(0x00000000596f0000,0x00000000597f0000)]
  0x000000005657a800 JavaThread "pool-2-thread-2" [_thread_blocked, id=7736, stack(0x0000000058c10000,0x0000000058d10000)]
  0x0000000056578800 JavaThread "pool-3-thread-1" [_thread_blocked, id=1060, stack(0x0000000058a10000,0x0000000058b10000)]
  0x0000000056576800 JavaThread "pool-2-thread-1" [_thread_blocked, id=6712, stack(0x0000000057de0000,0x0000000057ee0000)]
  0x00000000562ec800 JavaThread "Service Thread" daemon [_thread_blocked, id=9104, stack(0x0000000057ef0000,0x0000000057ff0000)]
  0x0000000056299000 JavaThread "C1 CompilerThread3" daemon [_thread_blocked, id=6716, stack(0x0000000057c10000,0x0000000057d10000)]
  0x0000000056260000 JavaThread "C2 CompilerThread2" daemon [_thread_in_native, id=8660, stack(0x0000000057ad0000,0x0000000057bd0000)]
=>0x0000000056257000 JavaThread "C2 CompilerThread1" daemon [_thread_in_native, id=8336, stack(0x0000000057560000,0x0000000057660000)]
  0x0000000056252800 JavaThread "C2 CompilerThread0" daemon [_thread_in_native, id=6272, stack(0x00000000579a0000,0x0000000057aa0000)]
  0x0000000056246800 JavaThread "Attach Listener" daemon [_thread_blocked, id=4356, stack(0x0000000057190000,0x0000000057290000)]
  0x0000000056230000 JavaThread "Signal Dispatcher" daemon [_thread_blocked, id=8208, stack(0x00000000577f0000,0x00000000578f0000)]
  0x0000000055290000 JavaThread "Finalizer" daemon [_thread_blocked, id=8044, stack(0x0000000057690000,0x0000000057790000)]
  0x0000000055288800 JavaThread "Reference Handler" daemon [_thread_blocked, id=8728, stack(0x0000000057460000,0x0000000057560000)]
  0x000000000229e000 JavaThread "main" [_thread_blocked, id=2216, stack(0x0000000002450000,0x0000000002550000)]

Other Threads:
  0x00000000561e3000 VMThread [stack: 0x00000000572d0000,0x00000000573d0000] [id=8296]
  0x000000005634a000 WatcherThread [stack: 0x00000000580a0000,0x00000000581a0000] [id=5996]

VM state:not at safepoint (normal execution)

VM Mutex/Monitor currently owned by a thread: None

Heap:
 PSYoungGen      total 76288K, used 62922K [0x00000000eab00000, 0x00000000f0000000, 0x0000000100000000)
  eden space 65536K, 96% used [0x00000000eab00000,0x00000000ee872988,0x00000000eeb00000)
  from space 10752K, 0% used [0x00000000ef580000,0x00000000ef580000,0x00000000f0000000)
  to   space 10752K, 0% used [0x00000000eeb00000,0x00000000eeb00000,0x00000000ef580000)
 ParOldGen       total 175104K, used 0K [0x00000000c0000000, 0x00000000cab00000, 0x00000000eab00000)
  object space 175104K, 0% used [0x00000000c0000000,0x00000000c0000000,0x00000000cab00000)
 Metaspace       used 6144K, capacity 7028K, committed 7296K, reserved 1056768K
  class space    used 605K, capacity 620K, committed 640K, reserved 1048576K

Card table byte_map: [0x0000000011910000,0x0000000011b20000] byte_map_base: 0x0000000011310000

Marking Bits: (ParMarkBitMap*) 0x0000000059632f70
 Begin Bits: [0x00000000126a0000, 0x00000000136a0000)
 End Bits:   [0x00000000136a0000, 0x00000000146a0000)

Polling page: 0x0000000000120000

CodeCache: size=245760Kb used=4953Kb max_used=4965Kb free=240806Kb
 bounds [0x0000000002550000, 0x0000000002a40000, 0x0000000011550000]
 total_blobs=1541 nmethods=1270 adapters=184
 compilation: enabled

Compilation events (10 events):
Event: 1.382 Thread 0x0000000056260000 nmethod 1308 0x0000000002a1e390 code [0x0000000002a1e4e0, 0x0000000002a1e568]
Event: 1.382 Thread 0x0000000056260000 1157       4       com.android.dx.rop.type.Type::getFrameType (58 bytes)
Event: 1.383 Thread 0x0000000056260000 nmethod 1157 0x00000000028d27d0 code [0x00000000028d2900, 0x00000000028d2978]
Event: 1.383 Thread 0x0000000056260000 1145       4       com.android.dx.ssa.SCCP::addBlockToWorklist (47 bytes)
Event: 1.395 Thread 0x0000000056260000 nmethod 1145 0x0000000002a1ec10 code [0x0000000002a1eda0, 0x0000000002a1f5e8]
Event: 1.395 Thread 0x0000000056260000 1140       4       com.android.dx.rop.code.Rop::isCommutative (60 bytes)
Event: 1.395 Thread 0x0000000056260000 nmethod 1140 0x000000000295af90 code [0x000000000295b0c0, 0x000000000295b138]
Event: 1.395 Thread 0x0000000056260000 1153       4       com.android.dx.rop.type.Type::isCategory2 (36 bytes)
Event: 1.396 Thread 0x0000000056260000 nmethod 1153 0x0000000002977650 code [0x0000000002977780, 0x00000000029777f8]
Event: 1.396 Thread 0x0000000056260000 1309       4       com.android.dx.dex.code.RopTranslator$LocalVariableAwareTranslationVisitor::visitPlainInsn (11 bytes)

GC Heap History (0 events):
No events

Deoptimization events (10 events):
Event: 0.852 Thread 0x0000000056565000 Uncommon trap: reason=class_check action=maybe_recompile pc=0x000000000282a2cc method=com.android.dx.rop.type.Type.equals(Ljava/lang/Object;)Z @ 8
Event: 0.852 Thread 0x0000000056565000 Uncommon trap: reason=class_check action=maybe_recompile pc=0x000000000282a2cc method=com.android.dx.rop.type.Type.equals(Ljava/lang/Object;)Z @ 8
Event: 0.852 Thread 0x0000000056565000 Uncommon trap: reason=class_check action=maybe_recompile pc=0x000000000282a2cc method=com.android.dx.rop.type.Type.equals(Ljava/lang/Object;)Z @ 8
Event: 0.852 Thread 0x0000000056565000 Uncommon trap: reason=class_check action=maybe_recompile pc=0x0000000002825198 method=com.android.dx.rop.type.Type.equals(Ljava/lang/Object;)Z @ 8
Event: 0.858 Thread 0x0000000056565000 Uncommon trap: reason=unstable_if action=reinterpret pc=0x0000000002784164 method=java.util.BitSet.ensureCapacity(I)V @ 6
Event: 0.858 Thread 0x0000000056565000 Uncommon trap: reason=unstable_if action=reinterpret pc=0x000000000281ce20 method=java.util.BitSet.ensureCapacity(I)V @ 6
Event: 0.862 Thread 0x0000000056565000 Uncommon trap: reason=unstable_if action=reinterpret pc=0x000000000280b044 method=com.android.dx.rop.cst.Constant.compareTo(Lcom/android/dx/rop/cst/Constant;)I @ 12
Event: 1.038 Thread 0x0000000056564000 Uncommon trap: reason=null_check action=make_not_entrant pc=0x00000000028201e4 method=com.android.dx.ssa.SsaRenamer.getLocalForNewReg(I)Lcom/android/dx/rop/code/LocalItem; @ 19
Event: 1.236 Thread 0x0000000056576800 Uncommon trap: reason=null_check action=make_not_entrant pc=0x0000000002960c18 method=com.android.dx.rop.type.Type.equals(Ljava/lang/Object;)Z @ 8
Event: 1.254 Thread 0x000000005657a800 Uncommon trap: reason=unstable_if action=reinterpret pc=0x0000000002832de4 method=com.android.dx.rop.code.RegisterSpecSet.<init>(I)V @ 2

Internal exceptions (4 events):
Event: 0.034 Thread 0x000000000229e000 Exception <a 'java/lang/NoSuchMethodError': Method sun.misc.Unsafe.defineClass(Ljava/lang/String;[BII)Ljava/lang/Class; name or signature does not match> (0x00000000eab07cc0) thrown at [C:\re\workspace\8-2-build-windows-amd64-cygwin\jdk8u91\7017\hotspot\sr<s·Q©6¡?
Event: 0.034 Thread 0x000000000229e000 Exception <a 'java/lang/NoSuchMethodError': Method sun.misc.Unsafe.prefetchRead(Ljava/lang/Object;J)V name or signature does not match> (0x00000000eab07fa8) thrown at [C:\re\workspace\8-2-build-windows-amd64-cygwin\jdk8u91\7017\hotspot\src\share\vm\prims\jÚèã÷ƒ›ð?
Event: 1.038 Thread 0x0000000056564000 Implicit null exception at 0x000000000281e966 to 0x000000000282019d
Event: 1.236 Thread 0x0000000056576800 Implicit null exception at 0x0000000002960b12 to 0x0000000002960c0a

Events (10 events):
Event: 1.201 Executing VM operation: ForceSafepoint
Event: 1.203 Executing VM operation: ForceSafepoint done
Event: 1.236 Thread 0x0000000056576800 Uncommon trap: trap_request=0xfffffff4 fr.pc=0x0000000002960c18
Event: 1.236 Thread 0x0000000056576800 DEOPT PACKING pc=0x0000000002960c18 sp=0x0000000057ede570
Event: 1.236 Thread 0x0000000056576800 DEOPT UNPACKING pc=0x000000000259582a sp=0x0000000057ede4f8 mode 2
Event: 1.241 loading class com/android/dx/cf/code/SwitchList
Event: 1.241 loading class com/android/dx/cf/code/SwitchList done
Event: 1.254 Thread 0x000000005657a800 Uncommon trap: trap_request=0xffffff65 fr.pc=0x0000000002832de4
Event: 1.254 Thread 0x000000005657a800 DEOPT PACKING pc=0x0000000002832de4 sp=0x0000000058d0ea00
Event: 1.254 Thread 0x000000005657a800 DEOPT UNPACKING pc=0x000000000259582a sp=0x0000000058d0e930 mode 2


Dynamic libraries:
0x000000013f6a0000 - 0x000000013f6d7000 	C:\Java\jdk\bin\java.exe
0x00000000773b0000 - 0x0000000077559000 	C:\windows\SYSTEM32\ntdll.dll
0x0000000077050000 - 0x000000007716f000 	C:\windows\system32\kernel32.dll
0x000007fefd070000 - 0x000007fefd0dc000 	C:\windows\system32\KERNELBASE.dll
0x000007fefd650000 - 0x000007fefd72b000 	C:\windows\system32\ADVAPI32.dll
0x000007fefd530000 - 0x000007fefd5cf000 	C:\windows\system32\msvcrt.dll
0x000007fefd7d0000 - 0x000007fefd7ef000 	C:\windows\SYSTEM32\sechost.dll
0x000007fefe200000 - 0x000007fefe32d000 	C:\windows\system32\RPCRT4.dll
0x00000000772b0000 - 0x00000000773aa000 	C:\windows\system32\USER32.dll
0x000007fefe3b0000 - 0x000007fefe417000 	C:\windows\system32\GDI32.dll
0x000007fefd440000 - 0x000007fefd44e000 	C:\windows\system32\LPK.dll
0x000007fefd9f0000 - 0x000007fefdab9000 	C:\windows\system32\USP10.dll
0x000007fefa730000 - 0x000007fefa924000 	C:\windows\WinSxS\amd64_microsoft.windows.common-controls_6595b64144ccf1df_6.0.7601.17514_none_fa396087175ac9ac\COMCTL32.dll
0x000007fefe330000 - 0x000007fefe3a1000 	C:\windows\system32\SHLWAPI.dll
0x000007fefdac0000 - 0x000007fefdaee000 	C:\windows\system32\IMM32.DLL
0x000007fefde90000 - 0x000007fefdf99000 	C:\windows\system32\MSCTF.dll
0x000007fefcef0000 - 0x000007fefcf21000 	C:\Windows\system32\nvinitx.dll
0x000007fefcee0000 - 0x000007fefceec000 	C:\windows\system32\VERSION.dll
0x0000000074650000 - 0x0000000074656000 	C:\Program Files\NVIDIA Corporation\CoProcManager\detoured.dll
0x000007fef94d0000 - 0x000007fef9501000 	C:\Program Files\NVIDIA Corporation\CoProcManager\nvd3d9wrapx.dll
0x000007fefe420000 - 0x000007fefe5f7000 	C:\windows\system32\SETUPAPI.dll
0x000007fefcfe0000 - 0x000007fefd016000 	C:\windows\system32\CFGMGR32.dll
0x000007fefd450000 - 0x000007fefd527000 	C:\windows\system32\OLEAUT32.dll
0x000007fefdfa0000 - 0x000007fefe1a3000 	C:\windows\system32\ole32.dll
0x000007fefd020000 - 0x000007fefd03a000 	C:\windows\system32\DEVOBJ.dll
0x000007fef9520000 - 0x000007fef9542000 	C:\Program Files\NVIDIA Corporation\CoProcManager\nvdxgiwrapx.dll
0x00000000622e0000 - 0x00000000623b2000 	C:\Java\jdk\jre\bin\msvcr100.dll
0x0000000058e20000 - 0x00000000596b3000 	C:\Java\jdk\jre\bin\server\jvm.dll
0x000007fef6d10000 - 0x000007fef6d19000 	C:\windows\system32\WSOCK32.dll
0x000007fefe1b0000 - 0x000007fefe1fd000 	C:\windows\system32\WS2_32.dll
0x000007feff6b0000 - 0x000007feff6b8000 	C:\windows\system32\NSI.dll
0x000007fefd2a0000 - 0x000007fefd2db000 	C:\windows\system32\WINMM.dll
0x0000000077580000 - 0x0000000077587000 	C:\windows\system32\PSAPI.DLL
0x0000000074990000 - 0x000000007499f000 	C:\Java\jdk\jre\bin\verify.dll
0x0000000074960000 - 0x0000000074989000 	C:\Java\jdk\jre\bin\java.dll
0x0000000074940000 - 0x0000000074956000 	C:\Java\jdk\jre\bin\zip.dll
0x000007fefe890000 - 0x000007feff618000 	C:\windows\system32\SHELL32.dll
0x000007fefcfd0000 - 0x000007fefcfdf000 	C:\windows\system32\profapi.dll

VM Arguments:
jvm_args: -Djava.awt.headless=true -Xmx1024M -Dfile.encoding=GBK -Duser.country=CN -Duser.language=zh -Duser.variant 
java_command: com.android.dx.command.Main --dex --force-jumbo --num-threads=4 --multi-dex --output D:\scantrust\code\TimeAlarm2\app\build\intermediates\transforms\dex\debug\folders\1000\10\internal_impl-24.2.0_809bd5980e0c3d25f69e23397efee7631236bf34 D:\scantrust\code\TimeAlarm2\app\build\intermediates\exploded-aar\com.android.support\support-compat\24.2.0\jars\libs\internal_impl-24.2.0.jar
java_class_path (initial): C:\Android_SDK\build-tools\23.0.3\lib\dx.jar
Launcher Type: SUN_STANDARD

Environment Variables:
JAVA_HOME=C:\Java\jdk
CLASSPATH=.;C:\Java\jdk\lib\dt.jar;C:\Java\jdk\lib\tools.jar;E:\x\IntelliJIDEAKeyGen.jar
PATH=C:\ProgramData\Oracle\Java\javapath;C:\Python34\;C:\Python34\Scripts;D:\tools\Python34\;D:\tools\Scripts;C:\Android_SDK\platform-tools;D:\ToolsAndroid\gradle/bin;"C:\Program Files (x86)\Git\bin";C:\Android_SDK\platform-tools;C:\Android_SDK\tools;C:\Java\jdk\bin\;%C:\Program Files (x86)\NVIDIA Corporation\PhysX\Common;C:\windows\system32;C:\windows;C:\windows\System32\Wbem;C:\windows\System32\WindowsPowerShell\v1.0\;C:\Program Files (x86)\Rational\common;D:\Tools\bin;D:\Tools\bin;C:\Program Files\TortoiseGit\bin;D:\ToolsAndroid\gradle/bin;C:\PHP\env\mysql5\bin;D:\tools\mybat;C:\Program Files\MySQL\MySQL Server 5.1\bin;C:\Program Files (x86)\Skype\Phone\;C:\Program Files\nodejs\;C:\Program Files (x86)\SSH Communications Security\SSH Secure Shell;D:\ToolsAndroid\gradle\gradle-2.14\bin;C:\Users\tom\AppData\Roaming\npm
USERNAME=tom
OS=Windows_NT
PROCESSOR_IDENTIFIER=Intel64 Family 6 Model 60 Stepping 3, GenuineIntel



---------------  S Y S T E M  ---------------

OS: Windows 7 , 64 bit Build 7601 (6.1.7601.17932)

CPU:total 8 (4 cores per cpu, 2 threads per core) family 6 model 60 stepping 3, cmov, cx8, fxsr, mmx, sse, sse2, sse3, ssse3, sse4.1, sse4.2, popcnt, avx, avx2, aes, clmul, erms, lzcnt, ht, tsc, tscinvbit, bmi1, bmi2

Memory: 4k page, physical 16695372k(1866104k free), swap 16693520k(5432k free)

vm_info: Java HotSpot(TM) 64-Bit Server VM (25.91-b15) for windows-amd64 JRE (1.8.0_91-b15), built on May 20 2016 17:43:15 by "java_re" with MS VC++ 10.0 (VS2010)

time: Wed Oct 05 20:27:04 2016
elapsed time: 1 seconds (0d 0h 0m 1s)

