#
# There is insufficient memory for the Java Runtime Environment to continue.
# Native memory allocation (malloc) failed to allocate 32744 bytes for ChunkPool::allocate
# Possible reasons:
#   The system is out of physical RAM or swap space
#   In 32 bit mode, the process size limit was hit
# Possible solutions:
#   Reduce memory load on the system
#   Increase physical memory or swap space
#   Check if swap backing store is full
#   Use 64 bit Java on a 64 bit OS
#   Decrease Java heap size (-Xmx/-Xms)
#   Decrease number of Java threads
#   Decrease Java thread stack sizes (-Xss)
#   Set larger code cache with -XX:ReservedCodeCacheSize=
# This output file may be truncated or incomplete.
#
#  Out of Memory Error (allocation.cpp:273), pid=7800, tid=4632
#
# JRE version:  (8.0_91-b15) (build )
# Java VM: Java HotSpot(TM) 64-Bit Server VM (25.91-b15 mixed mode windows-amd64 compressed oops)
# Failed to write core dump. Minidumps are not enabled by default on client versions of Windows
#

---------------  T H R E A D  ---------------

Current thread (0x0000000001fae000):  JavaThread "main" [_thread_in_vm, id=4632, stack(0x0000000002240000,0x0000000002340000)]

Stack: [0x0000000002240000,0x0000000002340000]
[error occurred during error reporting (printing stack bounds), id 0xc0000005]

Native frames: (J=compiled Java code, j=interpreted, Vv=VM code, C=native code)

Java frames: (J=compiled Java code, j=interpreted, Vv=VM code)
j  java.lang.Class.getDeclaredFields0(Z)[Ljava/lang/reflect/Field;+0
j  java.lang.Class.access$100(Ljava/lang/Class;Z)[Ljava/lang/reflect/Field;+2
j  java.lang.Class$Atomic.<clinit>()V+9
v  ~StubRoutines::call_stub
j  java.lang.Class.newReflectionData(Ljava/lang/ref/SoftReference;I)Ljava/lang/Class$ReflectionData;+27
j  java.lang.Class.reflectionData()Ljava/lang/Class$ReflectionData;+45
j  java.lang.Class.privateGetDeclaredFields(Z)[Ljava/lang/reflect/Field;+4
j  java.lang.Class.getDeclaredField(Ljava/lang/String;)Ljava/lang/reflect/Field;+11
j  java.util.concurrent.atomic.AtomicInteger.<clinit>()V+13
v  ~StubRoutines::call_stub
j  java.lang.ThreadLocal.<clinit>()V+0
v  ~StubRoutines::call_stub
j  java.nio.charset.Charset.<clinit>()V+22
v  ~StubRoutines::call_stub
j  java.lang.System.initProperties(Ljava/util/Properties;)Ljava/util/Properties;+0
j  java.lang.System.initializeSystemClass()V+13
v  ~StubRoutines::call_stub

---------------  P R O C E S S  ---------------

Java Threads: ( => current thread )
  0x000000005520d800 JavaThread "Finalizer" daemon [_thread_blocked, id=8580, stack(0x00000000572d0000,0x00000000573d0000)]
  0x0000000055206800 JavaThread "Reference Handler" daemon [_thread_blocked, id=7660, stack(0x0000000057400000,0x0000000057500000)]
=>0x0000000001fae000 JavaThread "main" [_thread_in_vm, id=4632, stack(0x0000000002240000,0x0000000002340000)]

Other Threads:
  0x0000000056270800 VMThread [stack: 0x00000000571d0000,0x00000000572d0000] [id=5020]

VM state:not at safepoint (normal execution)

VM Mutex/Monitor currently owned by a thread: None

Heap:
 PSYoungGen      total 76288K, used 1310K [0x00000000eab00000, 0x00000000f0000000, 0x0000000100000000)
  eden space 65536K, 2% used [0x00000000eab00000,0x00000000eac47af0,0x00000000eeb00000)
  from space 10752K, 0% used [0x00000000ef580000,0x00000000ef580000,0x00000000f0000000)
  to   space 10752K, 0% used [0x00000000eeb00000,0x00000000eeb00000,0x00000000ef580000)
 ParOldGen       total 175104K, used 0K [0x00000000c0000000, 0x00000000cab00000, 0x00000000eab00000)
  object space 175104K, 0% used [0x00000000c0000000,0x00000000c0000000,0x00000000cab00000)
 Metaspace       used 1201K, capacity 4480K, committed 4480K, reserved 1056768K
  class space    used 130K, capacity 384K, committed 384K, reserved 1048576K

Card table byte_map: [0x0000000011700000,0x0000000011910000] byte_map_base: 0x0000000011100000

Marking Bits: (ParMarkBitMap*) 0x0000000059632f70
 Begin Bits: [0x0000000012620000, 0x0000000013620000)
 End Bits:   [0x0000000013620000, 0x0000000014620000)

Polling page: 0x0000000001c50000

CodeCache: size=245760Kb used=405Kb max_used=405Kb free=245354Kb
 bounds [0x0000000002340000, 0x00000000025b0000, 0x0000000011340000]
 total_blobs=106 nmethods=0 adapters=80
 compilation: enabled

Compilation events (0 events):
No events

GC Heap History (0 events):
No events

Deoptimization events (0 events):
No events

Internal exceptions (2 events):
Event: 0.045 Thread 0x0000000001fae000 Exception <a 'java/lang/NoSuchMethodError': Method sun.misc.Unsafe.defineClass(Ljava/lang/String;[BII)Ljava/lang/Class; name or signature does not match> (0x00000000eab07cc0) thrown at [C:\re\workspace\8-2-build-windows-amd64-cygwin\jdk8u91\7017\hotspot\srø\°cT§?
Event: 0.046 Thread 0x0000000001fae000 Exception <a 'java/lang/NoSuchMethodError': Method sun.misc.Unsafe.prefetchRead(Ljava/lang/Object;J)V name or signature does not match> (0x00000000eab07fa8) thrown at [C:\re\workspace\8-2-build-windows-amd64-cygwin\jdk8u91\7017\hotspot\src\share\vm\prims\j

Events (10 events):
Event: 0.060 loading class sun/reflect/generics/repository/AbstractRepository
Event: 0.060 loading class sun/reflect/generics/repository/AbstractRepository done
Event: 0.060 loading class sun/reflect/generics/repository/GenericDeclRepository done
Event: 0.060 loading class sun/reflect/generics/repository/ClassRepository done
Event: 0.060 loading class java/lang/Class$AnnotationData
Event: 0.060 loading class java/lang/Class$AnnotationData done
Event: 0.060 loading class sun/reflect/annotation/AnnotationType
Event: 0.060 loading class sun/reflect/annotation/AnnotationType done
Event: 0.060 loading class java/lang/ClassValue$ClassValueMap
Event: 0.060 loading class java/util/WeakHashMap


Dynamic libraries:
0x000000013f6a0000 - 0x000000013f6d7000 	C:\Java\jdk\bin\java.exe
0x00000000773b0000 - 0x0000000077559000 	C:\windows\SYSTEM32\ntdll.dll
0x0000000077050000 - 0x000000007716f000 	C:\windows\system32\kernel32.dll
0x000007fefd070000 - 0x000007fefd0dc000 	C:\windows\system32\KERNELBASE.dll
0x000007fefd650000 - 0x000007fefd72b000 	C:\windows\system32\ADVAPI32.dll
0x000007fefd530000 - 0x000007fefd5cf000 	C:\windows\system32\msvcrt.dll
0x000007fefd7d0000 - 0x000007fefd7ef000 	C:\windows\SYSTEM32\sechost.dll
0x000007fefe200000 - 0x000007fefe32d000 	C:\windows\system32\RPCRT4.dll
0x00000000772b0000 - 0x00000000773aa000 	C:\windows\system32\USER32.dll
0x000007fefe3b0000 - 0x000007fefe417000 	C:\windows\system32\GDI32.dll
0x000007fefd440000 - 0x000007fefd44e000 	C:\windows\system32\LPK.dll
0x000007fefd9f0000 - 0x000007fefdab9000 	C:\windows\system32\USP10.dll
0x000007fefa730000 - 0x000007fefa924000 	C:\windows\WinSxS\amd64_microsoft.windows.common-controls_6595b64144ccf1df_6.0.7601.17514_none_fa396087175ac9ac\COMCTL32.dll
0x000007fefe330000 - 0x000007fefe3a1000 	C:\windows\system32\SHLWAPI.dll
0x000007fefdac0000 - 0x000007fefdaee000 	C:\windows\system32\IMM32.DLL
0x000007fefde90000 - 0x000007fefdf99000 	C:\windows\system32\MSCTF.dll
0x000007fefcef0000 - 0x000007fefcf21000 	C:\Windows\system32\nvinitx.dll
0x000007fefcee0000 - 0x000007fefceec000 	C:\windows\system32\VERSION.dll
0x0000000074650000 - 0x0000000074656000 	C:\Program Files\NVIDIA Corporation\CoProcManager\detoured.dll
0x000007fef94d0000 - 0x000007fef9501000 	C:\Program Files\NVIDIA Corporation\CoProcManager\nvd3d9wrapx.dll
0x000007fefe420000 - 0x000007fefe5f7000 	C:\windows\system32\SETUPAPI.dll
0x000007fefcfe0000 - 0x000007fefd016000 	C:\windows\system32\CFGMGR32.dll
0x000007fefd450000 - 0x000007fefd527000 	C:\windows\system32\OLEAUT32.dll
0x000007fefdfa0000 - 0x000007fefe1a3000 	C:\windows\system32\ole32.dll
0x000007fefd020000 - 0x000007fefd03a000 	C:\windows\system32\DEVOBJ.dll
0x000007fef9520000 - 0x000007fef9542000 	C:\Program Files\NVIDIA Corporation\CoProcManager\nvdxgiwrapx.dll
0x00000000622e0000 - 0x00000000623b2000 	C:\Java\jdk\jre\bin\msvcr100.dll
0x0000000058e20000 - 0x00000000596b3000 	C:\Java\jdk\jre\bin\server\jvm.dll
0x000007fef6d10000 - 0x000007fef6d19000 	C:\windows\system32\WSOCK32.dll
0x000007fefe1b0000 - 0x000007fefe1fd000 	C:\windows\system32\WS2_32.dll
0x000007feff6b0000 - 0x000007feff6b8000 	C:\windows\system32\NSI.dll
0x000007fefd2a0000 - 0x000007fefd2db000 	C:\windows\system32\WINMM.dll
0x0000000077580000 - 0x0000000077587000 	C:\windows\system32\PSAPI.DLL
0x0000000074990000 - 0x000000007499f000 	C:\Java\jdk\jre\bin\verify.dll
0x0000000074960000 - 0x0000000074989000 	C:\Java\jdk\jre\bin\java.dll
0x0000000074940000 - 0x0000000074956000 	C:\Java\jdk\jre\bin\zip.dll
0x000007fefe890000 - 0x000007feff618000 	C:\windows\system32\SHELL32.dll
0x000007fefcfd0000 - 0x000007fefcfdf000 	C:\windows\system32\profapi.dll

VM Arguments:
jvm_args: -Djava.awt.headless=true -Xmx1024M -Dfile.encoding=GBK -Duser.country=CN -Duser.language=zh -Duser.variant 
java_command: com.android.dx.command.Main --dex --force-jumbo --num-threads=4 --multi-dex --output D:\scantrust\code\TimeAlarm2\app\build\intermediates\transforms\dex\debug\folders\1000\10\com.android.support-support-v4-24.2.0_43e093a4315af22173ca9b775db823e8b707827f D:\scantrust\code\TimeAlarm2\app\build\intermediates\exploded-aar\com.android.support\support-v4\24.2.0\jars\classes.jar
java_class_path (initial): C:\Android_SDK\build-tools\23.0.3\lib\dx.jar
Launcher Type: SUN_STANDARD

Environment Variables:
JAVA_HOME=C:\Java\jdk
CLASSPATH=.;C:\Java\jdk\lib\dt.jar;C:\Java\jdk\lib\tools.jar;E:\x\IntelliJIDEAKeyGen.jar
PATH=C:\ProgramData\Oracle\Java\javapath;C:\Python34\;C:\Python34\Scripts;D:\tools\Python34\;D:\tools\Scripts;C:\Android_SDK\platform-tools;D:\ToolsAndroid\gradle/bin;"C:\Program Files (x86)\Git\bin";C:\Android_SDK\platform-tools;C:\Android_SDK\tools;C:\Java\jdk\bin\;%C:\Program Files (x86)\NVIDIA Corporation\PhysX\Common;C:\windows\system32;C:\windows;C:\windows\System32\Wbem;C:\windows\System32\WindowsPowerShell\v1.0\;C:\Program Files (x86)\Rational\common;D:\Tools\bin;D:\Tools\bin;C:\Program Files\TortoiseGit\bin;D:\ToolsAndroid\gradle/bin;C:\PHP\env\mysql5\bin;D:\tools\mybat;C:\Program Files\MySQL\MySQL Server 5.1\bin;C:\Program Files (x86)\Skype\Phone\;C:\Program Files\nodejs\;C:\Program Files (x86)\SSH Communications Security\SSH Secure Shell;D:\ToolsAndroid\gradle\gradle-2.14\bin;C:\Users\tom\AppData\Roaming\npm
USERNAME=tom
OS=Windows_NT
PROCESSOR_IDENTIFIER=Intel64 Family 6 Model 60 Stepping 3, GenuineIntel



---------------  S Y S T E M  ---------------

OS: Windows 7 , 64 bit Build 7601 (6.1.7601.17932)

CPU:total 8 (4 cores per cpu, 2 threads per core) family 6 model 60 stepping 3, cmov, cx8, fxsr, mmx, sse, sse2, sse3, ssse3, sse4.1, sse4.2, popcnt, avx, avx2, aes, clmul, erms, lzcnt, ht, tsc, tscinvbit, bmi1, bmi2

Memory: 4k page, physical 16695372k(1980372k free), swap 16693520k(4904k free)

vm_info: Java HotSpot(TM) 64-Bit Server VM (25.91-b15) for windows-amd64 JRE (1.8.0_91-b15), built on May 20 2016 17:43:15 by "java_re" with MS VC++ 10.0 (VS2010)

time: Wed Oct 05 20:27:02 2016
elapsed time: 0 seconds (0d 0h 0m 0s)

