#
# There is insufficient memory for the Java Runtime Environment to continue.
# Native memory allocation (malloc) failed to allocate 32784 bytes for Chunk::new
# Possible reasons:
#   The system is out of physical RAM or swap space
#   In 32 bit mode, the process size limit was hit
# Possible solutions:
#   Reduce memory load on the system
#   Increase physical memory or swap space
#   Check if swap backing store is full
#   Use 64 bit Java on a 64 bit OS
#   Decrease Java heap size (-Xmx/-Xms)
#   Decrease number of Java threads
#   Decrease Java thread stack sizes (-Xss)
#   Set larger code cache with -XX:ReservedCodeCacheSize=
# This output file may be truncated or incomplete.
#
#  Out of Memory Error (allocation.cpp:390), pid=8776, tid=5392
#
# JRE version: Java(TM) SE Runtime Environment (8.0_91-b15) (build 1.8.0_91-b15)
# Java VM: Java HotSpot(TM) 64-Bit Server VM (25.91-b15 mixed mode windows-amd64 compressed oops)
# Failed to write core dump. Minidumps are not enabled by default on client versions of Windows
#

---------------  T H R E A D  ---------------

Current thread (0x0000000056236800):  JavaThread "C2 CompilerThread1" daemon [_thread_in_native, id=5392, stack(0x0000000057bc0000,0x0000000057cc0000)]

Stack: [0x0000000057bc0000,0x0000000057cc0000]
[error occurred during error reporting (printing stack bounds), id 0xc0000005]

Native frames: (J=compiled Java code, j=interpreted, Vv=VM code, C=native code)


Current CompileTask:
C2:   1492 1100   !   4       com.android.dx.rop.code.RegisterSpec::intern (70 bytes)


---------------  P R O C E S S  ---------------

Java Threads: ( => current thread )
  0x000000005836d800 JavaThread "pool-2-thread-4" [_thread_in_Java, id=9040, stack(0x00000000598b0000,0x00000000599b0000)]
  0x0000000058374000 JavaThread "pool-2-thread-3" [_thread_blocked, id=7188, stack(0x0000000057d20000,0x0000000057e20000)]
  0x0000000058360000 JavaThread "pool-2-thread-2" [_thread_blocked, id=6748, stack(0x0000000058cf0000,0x0000000058df0000)]
  0x000000005835f000 JavaThread "pool-3-thread-1" [_thread_blocked, id=6516, stack(0x0000000059700000,0x0000000059800000)]
  0x000000005835e000 JavaThread "pool-2-thread-1" [_thread_blocked, id=7664, stack(0x0000000058bb0000,0x0000000058cb0000)]
  0x00000000562dc000 JavaThread "Service Thread" daemon [_thread_blocked, id=6324, stack(0x0000000058030000,0x0000000058130000)]
  0x0000000056244000 JavaThread "C1 CompilerThread3" daemon [_thread_in_native, id=7804, stack(0x0000000057e40000,0x0000000057f40000)]
  0x0000000056243000 JavaThread "C2 CompilerThread2" daemon [_thread_blocked, id=5324, stack(0x00000000578c0000,0x00000000579c0000)]
=>0x0000000056236800 JavaThread "C2 CompilerThread1" daemon [_thread_in_native, id=5392, stack(0x0000000057bc0000,0x0000000057cc0000)]
  0x000000005621d800 JavaThread "C2 CompilerThread0" daemon [_thread_blocked, id=7668, stack(0x0000000057a40000,0x0000000057b40000)]
  0x0000000056227800 JavaThread "Attach Listener" daemon [_thread_blocked, id=5800, stack(0x00000000574d0000,0x00000000575d0000)]
  0x0000000056207800 JavaThread "Signal Dispatcher" daemon [_thread_blocked, id=8620, stack(0x0000000057780000,0x0000000057880000)]
  0x000000005515f000 JavaThread "Finalizer" daemon [_thread_blocked, id=7368, stack(0x0000000057620000,0x0000000057720000)]
  0x0000000055157000 JavaThread "Reference Handler" daemon [_thread_blocked, id=5204, stack(0x0000000057370000,0x0000000057470000)]
  0x000000000015e000 JavaThread "main" [_thread_in_Java, id=2920, stack(0x0000000002270000,0x0000000002370000)]

Other Threads:
  0x00000000561c3800 VMThread [stack: 0x0000000057170000,0x0000000057270000] [id=7816]
  0x0000000056298000 WatcherThread [stack: 0x00000000581b0000,0x00000000582b0000] [id=7472]

VM state:not at safepoint (normal execution)

VM Mutex/Monitor currently owned by a thread: None

Heap:
 PSYoungGen      total 76288K, used 34089K [0x00000000eab00000, 0x00000000f0000000, 0x0000000100000000)
  eden space 65536K, 52% used [0x00000000eab00000,0x00000000ecc4a548,0x00000000eeb00000)
  from space 10752K, 0% used [0x00000000ef580000,0x00000000ef580000,0x00000000f0000000)
  to   space 10752K, 0% used [0x00000000eeb00000,0x00000000eeb00000,0x00000000ef580000)
 ParOldGen       total 175104K, used 0K [0x00000000c0000000, 0x00000000cab00000, 0x00000000eab00000)
  object space 175104K, 0% used [0x00000000c0000000,0x00000000c0000000,0x00000000cab00000)
 Metaspace       used 5936K, capacity 6836K, committed 7040K, reserved 1056768K
  class space    used 605K, capacity 620K, committed 640K, reserved 1048576K

Card table byte_map: [0x0000000011730000,0x0000000011940000] byte_map_base: 0x0000000011130000

Marking Bits: (ParMarkBitMap*) 0x0000000059632f70
 Begin Bits: [0x0000000012570000, 0x0000000013570000)
 End Bits:   [0x0000000013570000, 0x0000000014570000)

Polling page: 0x0000000000120000

CodeCache: size=245760Kb used=4141Kb max_used=4154Kb free=241618Kb
 bounds [0x0000000002370000, 0x0000000002790000, 0x0000000011370000]
 total_blobs=1359 nmethods=1088 adapters=184
 compilation: enabled

Compilation events (10 events):
Event: 1.174 Thread 0x0000000056236800 nmethod 1068% 0x00000000027734d0 code [0x0000000002773640, 0x0000000002773978]
Event: 1.183 Thread 0x000000005621d800 nmethod 991 0x000000000277d950 code [0x000000000277dda0, 0x0000000002780e50]
Event: 1.478 Thread 0x0000000056244000 1091       3       com.android.dx.ssa.SsaMethod::makeExitBlock (134 bytes)
Event: 1.479 Thread 0x0000000056243000 1097       4       com.android.dx.rop.code.BasicBlockList$RegCountVisitor::visitPlainInsn (6 bytes)
Event: 1.483 Thread 0x0000000056243000 nmethod 1097 0x0000000002772b90 code [0x0000000002772d00, 0x0000000002772fb8]
Event: 1.484 Thread 0x0000000056236800 1100   !   4       com.android.dx.rop.code.RegisterSpec::intern (70 bytes)
Event: 1.485 Thread 0x000000005621d800 1101       4       com.android.dx.rop.code.PlainInsn::<init> (73 bytes)
Event: 1.486 Thread 0x000000005621d800 nmethod 1101 0x0000000002776c50 code [0x0000000002776da0, 0x0000000002776ed8]
Event: 1.487 Thread 0x0000000056244000 nmethod 1091 0x000000000277bdd0 code [0x000000000277c060, 0x000000000277d048]
Event: 1.487 Thread 0x0000000056244000 1102       3       com.android.dx.ssa.DeadCodeRemover::pruneDeadInstructions (246 bytes)

GC Heap History (0 events):
No events

Deoptimization events (10 events):
Event: 0.573 Thread 0x000000005835e000 Uncommon trap: reason=unstable_if action=reinterpret pc=0x000000000257d2e8 method=java.util.HashMap.getNode(ILjava/lang/Object;)Ljava/util/HashMap$Node; @ 62
Event: 0.584 Thread 0x0000000058360000 Uncommon trap: reason=unstable_if action=reinterpret pc=0x000000000257fba0 method=java.util.BitSet.nextSetBit(I)I @ 87
Event: 0.667 Thread 0x0000000058360000 Uncommon trap: reason=bimorphic action=maybe_recompile pc=0x0000000002599b14 method=java.util.HashMap.getNode(ILjava/lang/Object;)Ljava/util/HashMap$Node; @ 126
Event: 1.081 Thread 0x000000005835e000 Uncommon trap: reason=unstable_if action=reinterpret pc=0x000000000266fd2c method=com.android.dx.rop.code.LocalItem.hashCode()I @ 25
Event: 1.081 Thread 0x000000005835e000 Uncommon trap: reason=unstable_if action=reinterpret pc=0x00000000025b035c method=com.android.dx.rop.code.LocalItem.hashCode()I @ 25
Event: 1.082 Thread 0x000000005835e000 Uncommon trap: reason=unstable_if action=reinterpret pc=0x000000000266c61c method=com.android.dx.rop.code.RegisterSpecSet.put(Lcom/android/dx/rop/code/RegisterSpec;)V @ 77
Event: 1.082 Thread 0x000000005835e000 Uncommon trap: reason=unstable_if action=reinterpret pc=0x00000000026ca8d8 method=com.android.dx.rop.code.RegisterSpecSet.put(Lcom/android/dx/rop/code/RegisterSpec;)V @ 77
Event: 1.089 Thread 0x000000005836d800 Uncommon trap: reason=unstable_if action=reinterpret pc=0x0000000002599768 method=java.util.HashMap.getNode(ILjava/lang/Object;)Ljava/util/HashMap$Node; @ 129
Event: 1.114 Thread 0x0000000058374000 Uncommon trap: reason=unstable_if action=reinterpret pc=0x000000000262dff4 method=com.android.dx.rop.code.RegisterSpec.equals(ILcom/android/dx/rop/type/TypeBearer;Lcom/android/dx/rop/code/LocalItem;)Z @ 42
Event: 1.135 Thread 0x0000000058374000 Uncommon trap: reason=bimorphic action=maybe_recompile pc=0x00000000025caa58 method=java.util.HashMap.getNode(ILjava/lang/Object;)Ljava/util/HashMap$Node; @ 126

Internal exceptions (2 events):
Event: 0.038 Thread 0x000000000015e000 Exception <a 'java/lang/NoSuchMethodError': Method sun.misc.Unsafe.defineClass(Ljava/lang/String;[BII)Ljava/lang/Class; name or signature does not match> (0x00000000eab07cc0) thrown at [C:\re\workspace\8-2-build-windows-amd64-cygwin\jdk8u91\7017\hotspot\sr¨:MÙPé£?
Event: 0.038 Thread 0x000000000015e000 Exception <a 'java/lang/NoSuchMethodError': Method sun.misc.Unsafe.prefetchRead(Ljava/lang/Object;J)V name or signature does not match> (0x00000000eab07fa8) thrown at [C:\re\workspace\8-2-build-windows-amd64-cygwin\jdk8u91\7017\hotspot\src\share\vm\prims\j

Events (10 events):
Event: 1.089 Thread 0x000000005836d800 DEOPT PACKING pc=0x0000000002599768 sp=0x00000000599add40
Event: 1.089 Thread 0x000000005836d800 DEOPT UNPACKING pc=0x00000000023b582a sp=0x00000000599adc60 mode 2
Event: 1.105 loading class java/util/DualPivotQuicksort
Event: 1.105 loading class java/util/DualPivotQuicksort done
Event: 1.114 Thread 0x0000000058374000 Uncommon trap: trap_request=0xffffff65 fr.pc=0x000000000262dff4
Event: 1.115 Thread 0x0000000058374000 DEOPT PACKING pc=0x000000000262dff4 sp=0x0000000057e1e500
Event: 1.115 Thread 0x0000000058374000 DEOPT UNPACKING pc=0x00000000023b582a sp=0x0000000057e1e488 mode 2
Event: 1.135 Thread 0x0000000058374000 Uncommon trap: trap_request=0xffffffc6 fr.pc=0x00000000025caa58
Event: 1.135 Thread 0x0000000058374000 DEOPT PACKING pc=0x00000000025caa58 sp=0x0000000057e1e520
Event: 1.135 Thread 0x0000000058374000 DEOPT UNPACKING pc=0x00000000023b582a sp=0x0000000057e1e4a0 mode 2


Dynamic libraries:
0x000000013f6a0000 - 0x000000013f6d7000 	C:\Java\jdk\bin\java.exe
0x00000000773b0000 - 0x0000000077559000 	C:\windows\SYSTEM32\ntdll.dll
0x0000000077050000 - 0x000000007716f000 	C:\windows\system32\kernel32.dll
0x000007fefd070000 - 0x000007fefd0dc000 	C:\windows\system32\KERNELBASE.dll
0x000007fefd650000 - 0x000007fefd72b000 	C:\windows\system32\ADVAPI32.dll
0x000007fefd530000 - 0x000007fefd5cf000 	C:\windows\system32\msvcrt.dll
0x000007fefd7d0000 - 0x000007fefd7ef000 	C:\windows\SYSTEM32\sechost.dll
0x000007fefe200000 - 0x000007fefe32d000 	C:\windows\system32\RPCRT4.dll
0x00000000772b0000 - 0x00000000773aa000 	C:\windows\system32\USER32.dll
0x000007fefe3b0000 - 0x000007fefe417000 	C:\windows\system32\GDI32.dll
0x000007fefd440000 - 0x000007fefd44e000 	C:\windows\system32\LPK.dll
0x000007fefd9f0000 - 0x000007fefdab9000 	C:\windows\system32\USP10.dll
0x000007fefa730000 - 0x000007fefa924000 	C:\windows\WinSxS\amd64_microsoft.windows.common-controls_6595b64144ccf1df_6.0.7601.17514_none_fa396087175ac9ac\COMCTL32.dll
0x000007fefe330000 - 0x000007fefe3a1000 	C:\windows\system32\SHLWAPI.dll
0x000007fefdac0000 - 0x000007fefdaee000 	C:\windows\system32\IMM32.DLL
0x000007fefde90000 - 0x000007fefdf99000 	C:\windows\system32\MSCTF.dll
0x000007fefcef0000 - 0x000007fefcf21000 	C:\Windows\system32\nvinitx.dll
0x000007fefcee0000 - 0x000007fefceec000 	C:\windows\system32\VERSION.dll
0x0000000074650000 - 0x0000000074656000 	C:\Program Files\NVIDIA Corporation\CoProcManager\detoured.dll
0x000007fef94d0000 - 0x000007fef9501000 	C:\Program Files\NVIDIA Corporation\CoProcManager\nvd3d9wrapx.dll
0x000007fefe420000 - 0x000007fefe5f7000 	C:\windows\system32\SETUPAPI.dll
0x000007fefcfe0000 - 0x000007fefd016000 	C:\windows\system32\CFGMGR32.dll
0x000007fefd450000 - 0x000007fefd527000 	C:\windows\system32\OLEAUT32.dll
0x000007fefdfa0000 - 0x000007fefe1a3000 	C:\windows\system32\ole32.dll
0x000007fefd020000 - 0x000007fefd03a000 	C:\windows\system32\DEVOBJ.dll
0x000007fef9520000 - 0x000007fef9542000 	C:\Program Files\NVIDIA Corporation\CoProcManager\nvdxgiwrapx.dll
0x00000000622e0000 - 0x00000000623b2000 	C:\Java\jdk\jre\bin\msvcr100.dll
0x0000000058e20000 - 0x00000000596b3000 	C:\Java\jdk\jre\bin\server\jvm.dll
0x000007fef6d10000 - 0x000007fef6d19000 	C:\windows\system32\WSOCK32.dll
0x000007fefe1b0000 - 0x000007fefe1fd000 	C:\windows\system32\WS2_32.dll
0x000007feff6b0000 - 0x000007feff6b8000 	C:\windows\system32\NSI.dll
0x000007fefd2a0000 - 0x000007fefd2db000 	C:\windows\system32\WINMM.dll
0x0000000077580000 - 0x0000000077587000 	C:\windows\system32\PSAPI.DLL
0x0000000074990000 - 0x000000007499f000 	C:\Java\jdk\jre\bin\verify.dll
0x0000000074960000 - 0x0000000074989000 	C:\Java\jdk\jre\bin\java.dll
0x0000000074940000 - 0x0000000074956000 	C:\Java\jdk\jre\bin\zip.dll
0x000007fefe890000 - 0x000007feff618000 	C:\windows\system32\SHELL32.dll
0x000007fefcfd0000 - 0x000007fefcfdf000 	C:\windows\system32\profapi.dll

VM Arguments:
jvm_args: -Djava.awt.headless=true -Xmx1024M -Dfile.encoding=GBK -Duser.country=CN -Duser.language=zh -Duser.variant 
java_command: com.android.dx.command.Main --dex --force-jumbo --num-threads=4 --multi-dex --output D:\scantrust\code\TimeAlarm2\app\build\intermediates\transforms\dex\debug\folders\1000\10\com.android.support-appcompat-v7-24.2.0_25bb3222e7029d72dfaf655b9df927993b2037f1 D:\scantrust\code\TimeAlarm2\app\build\intermediates\exploded-aar\com.android.support\appcompat-v7\24.2.0\jars\classes.jar
java_class_path (initial): C:\Android_SDK\build-tools\23.0.3\lib\dx.jar
Launcher Type: SUN_STANDARD

Environment Variables:



---------------  S Y S T E M  ---------------

OS: Windows 7 , 64 bit Build 7601 (6.1.7601.17932)

CPU:total 8 (4 cores per cpu, 2 threads per core) family 6 model 60 stepping 3, cmov, cx8, fxsr, mmx, sse, sse2, sse3, ssse3, sse4.1, sse4.2, popcnt, avx, avx2, aes, clmul, erms, lzcnt, ht, tsc, tscinvbit, bmi1, bmi2

Memory: 4k page, physical 16695372k(1866816k free), swap 16693520k(5028k free)

vm_info: Java HotSpot(TM) 64-Bit Server VM (25.91-b15) for windows-amd64 JRE (1.8.0_91-b15), built on May 20 2016 17:43:15 by "java_re" with MS VC++ 10.0 (VS2010)

time: Wed Oct 05 20:27:04 2016
elapsed time: 1 seconds (0d 0h 0m 1s)

